<?xml version="1.0" encoding="UTF-8"?>
<testsuite xmlns:xsi="http://www.w3.org/2001/XMLSchema-instance" xsi:noNamespaceSchemaLocation="https://maven.apache.org/surefire/maven-surefire-plugin/xsd/surefire-test-report-3.0.xsd" version="3.0" name="com.sii.nextcatas.NextcatasApplicationTests" time="8.141" tests="1" errors="0" skipped="0" failures="0">
  <properties>
[...]
</properties>
  <testcase name="contextLoads" classname="com.sii.nextcatas.NextcatasApplicationTests" time="1.105">
    <system-out><![CDATA[01:33:54.084 [main] INFO org.springframework.test.context.support.AnnotationConfigContextLoaderUtils -- Could not detect default configuration classes for test class [com.sii.nextcatas.NextcatasApplicationTests]: NextcatasApplicationTests does not declare any static, non-private, non-final, nested classes annotated with @Configuration.
01:33:54.225 [main] INFO org.springframework.boot.test.context.SpringBootTestContextBootstrapper -- Found @SpringBootConfiguration com.sii.nextcatas.NextcatasApplication for test class com.sii.nextcatas.NextcatasApplicationTests

  .   ____          _            __ _ _
 /\\ / ___'_ __ _ _(_)_ __  __ _ \ \ \ \
( ( )\___ | '_ | '_| | '_ \/ _` | \ \ \ \
 \\/  ___)| |_)| | | | | || (_| |  ) ) ) )
  '  |____| .__|_| |_|_| |_\__, | / / / /
 =========|_|==============|___/=/_/_/_/
 :: Spring Boot ::                (v3.1.3)

2023-09-10T01:33:54.770+02:00  INFO 45788 --- [           main] c.s.nextcatas.NextcatasApplicationTests  : Starting NextcatasApplicationTests using Java 17.0.2 with PID 45788 (started by yuneysi in /Users/yuneysi/github/nextgencatas)
2023-09-10T01:33:54.771+02:00  INFO 45788 --- [           main] c.s.nextcatas.NextcatasApplicationTests  : No active profile set, falling back to 1 default profile: "default"
2023-09-10T01:33:56.322+02:00  INFO 45788 --- [           main] .s.d.r.c.RepositoryConfigurationDelegate : Multiple Spring Data modules found, entering strict repository configuration mode
2023-09-10T01:33:56.329+02:00  INFO 45788 --- [           main] .s.d.r.c.RepositoryConfigurationDelegate : Bootstrapping Spring Data Redis repositories in DEFAULT mode.
2023-09-10T01:33:56.378+02:00  INFO 45788 --- [           main] .s.d.r.c.RepositoryConfigurationDelegate : Finished Spring Data repository scanning in 22 ms. Found 0 Redis repository interfaces.
2023-09-10T01:33:56.861+02:00  INFO 45788 --- [           main] trationDelegate$BeanPostProcessorChecker : Bean 'org.springframework.ws.config.annotation.DelegatingWsConfiguration' of type [org.springframework.ws.config.annotation.DelegatingWsConfiguration$$SpringCGLIB$$0] is not eligible for getting processed by all BeanPostProcessors (for example: not eligible for auto-proxying)
2023-09-10T01:33:56.932+02:00  INFO 45788 --- [           main] .w.s.a.s.AnnotationActionEndpointMapping : Supporting [WS-Addressing August 2004, WS-Addressing 1.0]
2023-09-10T01:33:58.690+02:00  INFO 45788 --- [cTaskExecutor-1] com.tngtech.archunit.core.PluginLoader   : Detected Java version 17.0.2
2023-09-10T01:33:59.913+02:00  WARN 45788 --- [cTaskExecutor-1] onfiguration$ApplicationModulesBootstrap : No application modules detected!
2023-09-10T01:34:00.143+02:00  WARN 45788 --- [           main] .s.s.UserDetailsServiceAutoConfiguration : 

Using generated security password: 57385922-7919-425f-825b-03a001d3432a

This generated password is for development use only. Your security configuration must be updated before running your application in production.

2023-09-10T01:34:00.359+02:00  INFO 45788 --- [           main] o.s.b.a.e.web.EndpointLinksResolver      : Exposing 1 endpoint(s) beneath base path '/actuator'
2023-09-10T01:34:00.378+02:00  INFO 45788 --- [           main] o.s.s.web.DefaultSecurityFilterChain     : Will secure any request with [org.springframework.security.web.session.DisableEncodeUrlFilter@194e78af, org.springframework.security.web.context.request.async.WebAsyncManagerIntegrationFilter@4fe4503a, org.springframework.security.web.context.SecurityContextHolderFilter@1ce2029b, org.springframework.security.web.header.HeaderWriterFilter@73958426, org.springframework.web.filter.CorsFilter@669580e2, org.springframework.security.web.csrf.CsrfFilter@6fefc5ea, org.springframework.security.web.authentication.logout.LogoutFilter@24258b54, org.springframework.security.web.authentication.UsernamePasswordAuthenticationFilter@771cbd13, org.springframework.security.web.authentication.ui.DefaultLoginPageGeneratingFilter@3d02ff64, org.springframework.security.web.authentication.ui.DefaultLogoutPageGeneratingFilter@5d22ed6c, org.springframework.security.web.authentication.www.BasicAuthenticationFilter@4e030feb, org.springframework.security.web.savedrequest.RequestCacheAwareFilter@7921a37d, org.springframework.security.web.servletapi.SecurityContextHolderAwareRequestFilter@1c787389, org.springframework.security.web.authentication.AnonymousAuthenticationFilter@37c37d67, org.springframework.security.web.access.ExceptionTranslationFilter@31dbf5bb, org.springframework.security.web.access.intercept.AuthorizationFilter@1b3bb287]
2023-09-10T01:34:00.693+02:00  INFO 45788 --- [           main] s.a.ScheduledAnnotationBeanPostProcessor : No TaskScheduler/ScheduledExecutorService bean found for scheduled processing
2023-09-10T01:34:00.709+02:00  INFO 45788 --- [           main] c.s.nextcatas.NextcatasApplicationTests  : Started NextcatasApplicationTests in 6.235 seconds (process running for 7.6)
]]></system-out>
  </testcase>
</testsuite>